  BankSystem.cpp
D:\CPP Project Bank System\BankSystem\clsString.h(39,25): warning C4267: 'return': conversion from 'size_t' to 'short', possible loss of data
D:\CPP Project Bank System\BankSystem\clsString.h(44,29): warning C4267: 'return': conversion from 'size_t' to 'short', possible loss of data
D:\CPP Project Bank System\BankSystem\clsString.h(56,30): warning C4267: '=': conversion from 'size_t' to 'short', possible loss of data
D:\CPP Project Bank System\BankSystem\clsString.h(193,29): warning C4267: 'return': conversion from 'size_t' to 'short', possible loss of data
D:\CPP Project Bank System\BankSystem\clsString.h(324,30): warning C4267: '=': conversion from 'size_t' to 'short', possible loss of data
D:\CPP Project Bank System\BankSystem\clsString.h(372,22): warning C4267: 'initializing': conversion from 'size_t' to 'short', possible loss of data
D:\CPP Project Bank System\BankSystem\clsUtil.h(64,5): warning C4102: 'defualt': unreferenced label
D:\CPP Project Bank System\BankSystem\clsUser.h(199,5): warning C4240: nonstandard extension used: access to 'clsUser::stLoginRegisterRecord' now defined to be 'public', previously it was defined to be 'private'
D:\CPP Project Bank System\BankSystem\clsUser.h(26,12): message : see declaration of 'clsUser::stLoginRegisterRecord'
D:\CPP Project Bank System\BankSystem\clsInputValidate.h(115,16): warning C4244: 'initializing': conversion from 'double' to 'float', possible loss of data
D:\CPP Project Bank System\BankSystem\clsInputValidate.h(119,26): warning C4244: '=': conversion from 'double' to 'float', possible loss of data
D:\CPP Project Bank System\BankSystem\clsBankClient.h(207,5): warning C4240: nonstandard extension used: access to 'clsBankClient::stTrnsferLogRecord' now defined to be 'public', previously it was defined to be 'private'
D:\CPP Project Bank System\BankSystem\clsBankClient.h(152,12): message : see declaration of 'clsBankClient::stTrnsferLogRecord'
D:\CPP Project Bank System\BankSystem\clsBankClient.h(28,65): warning C4244: 'argument': conversion from 'double' to 'float', possible loss of data
D:\CPP Project Bank System\BankSystem\clsBankClient.h(162,39): warning C4244: '=': conversion from 'double' to 'float', possible loss of data
D:\CPP Project Bank System\BankSystem\clsBankClient.h(163,48): warning C4244: '=': conversion from 'double' to 'float', possible loss of data
D:\CPP Project Bank System\BankSystem\clsBankClient.h(164,49): warning C4244: '=': conversion from 'double' to 'float', possible loss of data
D:\CPP Project Bank System\BankSystem\clsBankClient.h(421,28): warning C4244: '+=': conversion from 'double' to 'float', possible loss of data
D:\CPP Project Bank System\BankSystem\clsBankClient.h(434,32): warning C4244: '-=': conversion from 'double' to 'float', possible loss of data
D:\CPP Project Bank System\BankSystem\clsAddNewClientScreen.h(30,66): warning C4244: 'argument': conversion from 'double' to 'float', possible loss of data
D:\CPP Project Bank System\BankSystem\clsUpdateClientScreen.h(47,66): warning C4244: 'argument': conversion from 'double' to 'float', possible loss of data
D:\CPP Project Bank System\BankSystem\clsTotalBalancesScreen.h(57,82): warning C4244: 'argument': conversion from 'double' to 'int', possible loss of data
D:\CPP Project Bank System\BankSystem\clsTransferScreen.h(42,51): warning C4244: '=': conversion from 'double' to 'float', possible loss of data
D:\CPP Project Bank System\BankSystem\clsTransferScreen.h(47,53): warning C4244: '=': conversion from 'double' to 'float', possible loss of data
D:\CPP Project Bank System\BankSystem\clsBankClient.h(376): warning C4715: 'clsBankClient::Save': not all control paths return a value
D:\CPP Project Bank System\BankSystem\clsBankClient.h(438): warning C4715: 'clsBankClient::Withdraw': not all control paths return a value
D:\CPP Project Bank System\BankSystem\clsUser.h(360): warning C4715: 'clsUser::Save': not all control paths return a value
  BankSystem.vcxproj -> D:\CPP Project Bank System\BankSystem\x64\Debug\BankSystem.exe
